Initializing client
Fetching vehicles 0%
Fetching vehicles 33%
Fetching vehicles 67%
Fetching vehicles 100%
Wrote image
Fetching vehicles 0%
Fetching vehicles 33%
Fetching vehicles 67%
Fetching vehicles 100%
------------------------------------------------------------------------------------------
(LineName(21),Id(23642560)) -> VehicleStats(distance = 26 m, duration = 9 s, avgSpeed = 10.489180359123441 km/h)
(LineName(20),Id(23644213)) -> VehicleStats(distance = 0 m, duration = 9 s, avgSpeed = 0.0 km/h)
(LineName(124),Id(23726706)) -> VehicleStats(distance = 0 m, duration = 9 s, avgSpeed = 0.0 km/h)
(LineName(18),Id(23642806)) -> VehicleStats(distance = 0 m, duration = 9 s, avgSpeed = 0.0 km/h)
(LineName(21),Id(23642799)) -> VehicleStats(distance = 2 m, duration = 9 s, avgSpeed = 0.6828618855203926 km/h)
(LineName(8),Id(23642247)) -> VehicleStats(distance = 2 m, duration = 9 s, avgSpeed = 0.7645010027548975 km/h)
(LineName(145),Id(23653126)) -> VehicleStats(distance = 0 m, duration = 9 s, avgSpeed = 0.0 km/h)
(LineName(16),Id(23644543)) -> VehicleStats(distance = 191 m, duration = 9 s, avgSpeed = 76.54408022533025 km/h)
(LineName(22),Id(23642203)) -> VehicleStats(distance = 0 m, duration = 9 s, avgSpeed = 0.0 km/h)
(LineName(21),Id(23642632)) -> VehicleStats(distance = 0 m, duration = 9 s, avgSpeed = 0.0 km/h)
(LineName(20),Id(23641186)) -> VehicleStats(distance = 0 m, duration = 9 s, avgSpeed = 0.0 km/h)
(LineName(16),Id(23642183)) -> VehicleStats(distance = 0 m, duration = 9 s, avgSpeed = 0.0 km/h)
(LineName(149),Id(23653619)) -> VehicleStats(distance = 112 m, duration = 9 s, avgSpeed = 44.61290902175728 km/h)
(LineName(18),Id(23642741)) -> VehicleStats(distance = 0 m, duration = 9 s, avgSpeed = 0.0 km/h)
(LineName(16),Id(23643127)) -> VehicleStats(distance = 0 m, duration = 9 s, avgSpeed = 0.0 km/h)
(LineName(20),Id(23643612)) -> VehicleStats(distance = 0 m, duration = 9 s, avgSpeed = 0.0 km/h)
(LineName(124),Id(23725698)) -> VehicleStats(distance = 12 m, duration = 9 s, avgSpeed = 4.741950250496499 km/h)
(LineName(149),Id(23653602)) -> VehicleStats(distance = 0 m, duration = 9 s, avgSpeed = 0.0 km/h)
(LineName(18),Id(23642814)) -> VehicleStats(distance = 0 m, duration = 9 s, avgSpeed = 0.0 km/h)
(LineName(21),Id(23642722)) -> VehicleStats(distance = 0 m, duration = 9 s, avgSpeed = 0.0 km/h)
(LineName(20),Id(23641120)) -> VehicleStats(distance = 0 m, duration = 9 s, avgSpeed = 0.0 km/h)
(LineName(145),Id(23653056)) -> VehicleStats(distance = 152 m, duration = 9 s, avgSpeed = 60.95590595855227 km/h)
(LineName(8),Id(23644439)) -> VehicleStats(distance = 0 m, duration = 9 s, avgSpeed = 0.0 km/h)
(LineName(124),Id(23726721)) -> VehicleStats(distance = 0 m, duration = 9 s, avgSpeed = 0.0 km/h)
(LineName(18),Id(23642612)) -> VehicleStats(distance = 93 m, duration = 9 s, avgSpeed = 37.34527422976331 km/h)
(LineName(20),Id(23643578)) -> VehicleStats(distance = 179 m, duration = 9 s, avgSpeed = 71.64933872801643 km/h)
(LineName(8),Id(23644458)) -> VehicleStats(distance = 0 m, duration = 9 s, avgSpeed = 0.0 km/h)
(LineName(20),Id(23643044)) -> VehicleStats(distance = 0 m, duration = 9 s, avgSpeed = 0.0 km/h)
(LineName(20),Id(23643595)) -> VehicleStats(distance = 0 m, duration = 9 s, avgSpeed = 0.0 km/h)
(LineName(22),Id(23642224)) -> VehicleStats(distance = 0 m, duration = 9 s, avgSpeed = 0.0 km/h)
(LineName(8),Id(23644416)) -> VehicleStats(distance = 0 m, duration = 9 s, avgSpeed = 0.0 km/h)
(LineName(21),Id(23642687)) -> VehicleStats(distance = 121 m, duration = 9 s, avgSpeed = 48.30546445875326 km/h)
(LineName(16),Id(23643062)) -> VehicleStats(distance = 0 m, duration = 9 s, avgSpeed = 0.0 km/h)
(LineName(21),Id(23642522)) -> VehicleStats(distance = 0 m, duration = 9 s, avgSpeed = 0.0 km/h)
(LineName(20),Id(23641170)) -> VehicleStats(distance = 0 m, duration = 9 s, avgSpeed = 0.0 km/h)
(LineName(20),Id(23641044)) -> VehicleStats(distance = 0 m, duration = 9 s, avgSpeed = 0.0 km/h)
(LineName(18),Id(23642505)) -> VehicleStats(distance = 2 m, duration = 9 s, avgSpeed = 0.923525395204391 km/h)
(LineName(8),Id(23644423)) -> VehicleStats(distance = 0 m, duration = 9 s, avgSpeed = 0.0 km/h)
(LineName(16),Id(23642269)) -> VehicleStats(distance = 33 m, duration = 9 s, avgSpeed = 13.39889231764496 km/h)
(LineName(18),Id(23642649)) -> VehicleStats(distance = 139 m, duration = 9 s, avgSpeed = 55.586035631136454 km/h)
(LineName(22),Id(23643189)) -> VehicleStats(distance = 0 m, duration = 9 s, avgSpeed = 0.0 km/h)
(LineName(20),Id(23641199)) -> VehicleStats(distance = 1 m, duration = 9 s, avgSpeed = 0.2683261690494755 km/h)
(LineName(145),Id(23653083)) -> VehicleStats(distance = 0 m, duration = 9 s, avgSpeed = 0.0 km/h)
(LineName(18),Id(23642703)) -> VehicleStats(distance = 0 m, duration = 9 s, avgSpeed = 0.0 km/h)
(LineName(8),Id(23644499)) -> VehicleStats(distance = 0 m, duration = 9 s, avgSpeed = 0.0 km/h)
(LineName(20),Id(23640984)) -> VehicleStats(distance = 0 m, duration = 9 s, avgSpeed = 0.0 km/h)
(LineName(18),Id(23642489)) -> VehicleStats(distance = 0 m, duration = 9 s, avgSpeed = 0.0 km/h)
(LineName(8),Id(23644480)) -> VehicleStats(distance = 0 m, duration = 9 s, avgSpeed = 0.0 km/h)
(LineName(22),Id(23643167)) -> VehicleStats(distance = 0 m, duration = 9 s, avgSpeed = 0.0 km/h)
(LineName(22),Id(23643145)) -> VehicleStats(distance = 27 m, duration = 9 s, avgSpeed = 10.957119020395169 km/h)
(LineName(22),Id(23643211)) -> VehicleStats(distance = 0 m, duration = 9 s, avgSpeed = 0.0 km/h)
(LineName(21),Id(23642668)) -> VehicleStats(distance = 0 m, duration = 9 s, avgSpeed = 0.0 km/h)
(LineName(16),Id(23642306)) -> VehicleStats(distance = 0 m, duration = 9 s, avgSpeed = 0.0 km/h)
(LineName(145),Id(23653115)) -> VehicleStats(distance = 23 m, duration = 9 s, avgSpeed = 9.216725286487542 km/h)
(LineName(20),Id(23641136)) -> VehicleStats(distance = 0 m, duration = 9 s, avgSpeed = 0.0 km/h)
(LineName(22),Id(23643219)) -> VehicleStats(distance = 0 m, duration = 9 s, avgSpeed = 0.0 km/h)
(LineName(16),Id(23642286)) -> VehicleStats(distance = 43 m, duration = 9 s, avgSpeed = 17.369452894364354 km/h)
(LineName(145),Id(23653103)) -> VehicleStats(distance = 0 m, duration = 9 s, avgSpeed = 0.0 km/h)
(LineName(21),Id(23642574)) -> VehicleStats(distance = 0 m, duration = 9 s, avgSpeed = 0.0 km/h)
==========================================================================================
LineName(22) -> VehicleStats(distance = 27 m, duration = 63 s, avgSpeed = 1.5653027171993097 km/h)
LineName(16) -> VehicleStats(distance = 268 m, duration = 63 s, avgSpeed = 15.330346491048507 km/h)
LineName(21) -> VehicleStats(distance = 149 m, duration = 72 s, avgSpeed = 7.434688337924637 km/h)
LineName(145) -> VehicleStats(distance = 175 m, duration = 45 s, avgSpeed = 14.034526249007962 km/h)
LineName(18) -> VehicleStats(distance = 235 m, duration = 72 s, avgSpeed = 11.73185440701302 km/h)
LineName(124) -> VehicleStats(distance = 12 m, duration = 27 s, avgSpeed = 1.580650083498833 km/h)
LineName(8) -> VehicleStats(distance = 2 m, duration = 63 s, avgSpeed = 0.10921442896498537 km/h)
LineName(149) -> VehicleStats(distance = 112 m, duration = 18 s, avgSpeed = 22.30645451087864 km/h)
LineName(20) -> VehicleStats(distance = 180 m, duration = 108 s, avgSpeed = 5.993138741422158 km/h)
Fastest: (LineName(149),VehicleStats(distance = 112 m, duration = 18 s, avgSpeed = 22.30645451087864 km/h))
Slowest: (LineName(8),VehicleStats(distance = 2 m, duration = 63 s, avgSpeed = 0.10921442896498537 km/h))
Average: 9.3956174874897
Program finished
