Initializing client
Fetching vehicles 0%
Fetching vehicles 50%
Fetching vehicles 100%
Wrote image
Fetching vehicles 0%
Fetching vehicles 50%
Fetching vehicles 100%
------------------------------------------------------------------------------------------
(LineName(16),Id(23642183)) -> VehicleStats(distance = 0 m, duration = 6 s, avgSpeed = 0.0 km/h)
(LineName(21),Id(23642560)) -> VehicleStats(distance = 0 m, duration = 6 s, avgSpeed = 0.0 km/h)
(LineName(20),Id(23644213)) -> VehicleStats(distance = 0 m, duration = 6 s, avgSpeed = 0.0 km/h)
(LineName(124),Id(23726706)) -> VehicleStats(distance = 0 m, duration = 6 s, avgSpeed = 0.0 km/h)
(LineName(18),Id(23642806)) -> VehicleStats(distance = 0 m, duration = 6 s, avgSpeed = 0.0 km/h)
(LineName(21),Id(23642799)) -> VehicleStats(distance = 0 m, duration = 6 s, avgSpeed = 0.0 km/h)
(LineName(8),Id(23642247)) -> VehicleStats(distance = 0 m, duration = 6 s, avgSpeed = 0.0 km/h)
(LineName(124),Id(23726760)) -> VehicleStats(distance = 0 m, duration = 6 s, avgSpeed = 0.0 km/h)
(LineName(145),Id(23653126)) -> VehicleStats(distance = 0 m, duration = 6 s, avgSpeed = 0.0 km/h)
(LineName(16),Id(23644543)) -> VehicleStats(distance = 4 m, duration = 6 s, avgSpeed = 2.2691672043135327 km/h)
(LineName(22),Id(23642203)) -> VehicleStats(distance = 0 m, duration = 6 s, avgSpeed = 0.0 km/h)
(LineName(21),Id(23642632)) -> VehicleStats(distance = 0 m, duration = 6 s, avgSpeed = 0.0 km/h)
(LineName(20),Id(23643417)) -> VehicleStats(distance = 0 m, duration = 6 s, avgSpeed = 0.0 km/h)
(LineName(18),Id(23642760)) -> VehicleStats(distance = 0 m, duration = 6 s, avgSpeed = 0.0 km/h)
(LineName(8),Id(23644440)) -> VehicleStats(distance = 0 m, duration = 6 s, avgSpeed = 0.0 km/h)
(LineName(18),Id(23642741)) -> VehicleStats(distance = 0 m, duration = 6 s, avgSpeed = 0.0 km/h)
(LineName(16),Id(23643127)) -> VehicleStats(distance = 0 m, duration = 6 s, avgSpeed = 0.0 km/h)
(LineName(20),Id(23643612)) -> VehicleStats(distance = 0 m, duration = 6 s, avgSpeed = 0.0 km/h)
(LineName(124),Id(23725698)) -> VehicleStats(distance = 0 m, duration = 6 s, avgSpeed = 0.0 km/h)
(LineName(149),Id(23653602)) -> VehicleStats(distance = 0 m, duration = 6 s, avgSpeed = 0.0 km/h)
(LineName(18),Id(23642814)) -> VehicleStats(distance = 51 m, duration = 6 s, avgSpeed = 30.496349670988643 km/h)
(LineName(21),Id(23642722)) -> VehicleStats(distance = 0 m, duration = 6 s, avgSpeed = 0.0 km/h)
(LineName(20),Id(23641120)) -> VehicleStats(distance = 0 m, duration = 6 s, avgSpeed = 0.0 km/h)
(LineName(145),Id(23653056)) -> VehicleStats(distance = 0 m, duration = 6 s, avgSpeed = 0.0 km/h)
(LineName(124),Id(23726721)) -> VehicleStats(distance = 0 m, duration = 6 s, avgSpeed = 0.0 km/h)
(LineName(18),Id(23642612)) -> VehicleStats(distance = 0 m, duration = 6 s, avgSpeed = 0.0 km/h)
(LineName(20),Id(23643578)) -> VehicleStats(distance = 122 m, duration = 6 s, avgSpeed = 73.1384481776501 km/h)
(LineName(8),Id(23644458)) -> VehicleStats(distance = 0 m, duration = 6 s, avgSpeed = 0.0 km/h)
(LineName(145),Id(23653172)) -> VehicleStats(distance = 0 m, duration = 6 s, avgSpeed = 0.0 km/h)
(LineName(20),Id(23643044)) -> VehicleStats(distance = 0 m, duration = 6 s, avgSpeed = 0.0 km/h)
(LineName(20),Id(23643595)) -> VehicleStats(distance = 0 m, duration = 6 s, avgSpeed = 0.0 km/h)
(LineName(22),Id(23642224)) -> VehicleStats(distance = 0 m, duration = 6 s, avgSpeed = 0.0 km/h)
(LineName(8),Id(23644416)) -> VehicleStats(distance = 0 m, duration = 6 s, avgSpeed = 0.0 km/h)
(LineName(21),Id(23642687)) -> VehicleStats(distance = 0 m, duration = 6 s, avgSpeed = 0.0 km/h)
(LineName(16),Id(23643062)) -> VehicleStats(distance = 0 m, duration = 6 s, avgSpeed = 0.0 km/h)
(LineName(21),Id(23642522)) -> VehicleStats(distance = 0 m, duration = 6 s, avgSpeed = 0.0 km/h)
(LineName(20),Id(23641170)) -> VehicleStats(distance = 0 m, duration = 6 s, avgSpeed = 0.0 km/h)
(LineName(20),Id(23641044)) -> VehicleStats(distance = 0 m, duration = 6 s, avgSpeed = 0.0 km/h)
(LineName(18),Id(23642505)) -> VehicleStats(distance = 0 m, duration = 6 s, avgSpeed = 0.0 km/h)
(LineName(8),Id(23644423)) -> VehicleStats(distance = 0 m, duration = 6 s, avgSpeed = 0.0 km/h)
(LineName(16),Id(23642269)) -> VehicleStats(distance = 0 m, duration = 6 s, avgSpeed = 0.0 km/h)
(LineName(18),Id(23642649)) -> VehicleStats(distance = 0 m, duration = 6 s, avgSpeed = 0.0 km/h)
(LineName(20),Id(23641187)) -> VehicleStats(distance = 0 m, duration = 6 s, avgSpeed = 0.0 km/h)
(LineName(22),Id(23643189)) -> VehicleStats(distance = 0 m, duration = 6 s, avgSpeed = 0.0 km/h)
(LineName(22),Id(23642161)) -> VehicleStats(distance = 0 m, duration = 6 s, avgSpeed = 0.0 km/h)
(LineName(20),Id(23641199)) -> VehicleStats(distance = 30 m, duration = 6 s, avgSpeed = 18.01097252919449 km/h)
(LineName(145),Id(23653083)) -> VehicleStats(distance = 1 m, duration = 6 s, avgSpeed = 0.653348394570256 km/h)
(LineName(18),Id(23642703)) -> VehicleStats(distance = 0 m, duration = 6 s, avgSpeed = 0.0 km/h)
(LineName(8),Id(23644499)) -> VehicleStats(distance = 0 m, duration = 6 s, avgSpeed = 0.0 km/h)
(LineName(20),Id(23640984)) -> VehicleStats(distance = 0 m, duration = 6 s, avgSpeed = 0.0 km/h)
(LineName(18),Id(23642489)) -> VehicleStats(distance = 0 m, duration = 6 s, avgSpeed = 0.0 km/h)
(LineName(8),Id(23644480)) -> VehicleStats(distance = 0 m, duration = 6 s, avgSpeed = 0.0 km/h)
(LineName(22),Id(23643167)) -> VehicleStats(distance = 0 m, duration = 6 s, avgSpeed = 0.0 km/h)
(LineName(22),Id(23643145)) -> VehicleStats(distance = 0 m, duration = 6 s, avgSpeed = 0.0 km/h)
(LineName(22),Id(23643211)) -> VehicleStats(distance = 0 m, duration = 6 s, avgSpeed = 0.0 km/h)
(LineName(21),Id(23642668)) -> VehicleStats(distance = 0 m, duration = 6 s, avgSpeed = 0.0 km/h)
(LineName(16),Id(23642306)) -> VehicleStats(distance = 0 m, duration = 6 s, avgSpeed = 0.0 km/h)
(LineName(145),Id(23653115)) -> VehicleStats(distance = 0 m, duration = 6 s, avgSpeed = 0.0 km/h)
(LineName(20),Id(23641136)) -> VehicleStats(distance = 0 m, duration = 6 s, avgSpeed = 0.0 km/h)
(LineName(22),Id(23643219)) -> VehicleStats(distance = 0 m, duration = 6 s, avgSpeed = 0.0 km/h)
(LineName(16),Id(23642286)) -> VehicleStats(distance = 0 m, duration = 6 s, avgSpeed = 0.0 km/h)
(LineName(145),Id(23653103)) -> VehicleStats(distance = 0 m, duration = 6 s, avgSpeed = 0.0 km/h)
(LineName(21),Id(23642574)) -> VehicleStats(distance = 0 m, duration = 6 s, avgSpeed = 0.0 km/h)
==========================================================================================
LineName(22) -> VehicleStats(distance = 0 m, duration = 48 s, avgSpeed = 0.0 km/h)
LineName(16) -> VehicleStats(distance = 4 m, duration = 42 s, avgSpeed = 0.3241667434733618 km/h)
LineName(21) -> VehicleStats(distance = 0 m, duration = 48 s, avgSpeed = 0.0 km/h)
LineName(145) -> VehicleStats(distance = 1 m, duration = 36 s, avgSpeed = 0.10889139909504264 km/h)
LineName(18) -> VehicleStats(distance = 51 m, duration = 54 s, avgSpeed = 3.388483296776515 km/h)
LineName(124) -> VehicleStats(distance = 0 m, duration = 24 s, avgSpeed = 0.0 km/h)
LineName(8) -> VehicleStats(distance = 0 m, duration = 42 s, avgSpeed = 0.0 km/h)
LineName(149) -> VehicleStats(distance = 0 m, duration = 6 s, avgSpeed = 0.0 km/h)
LineName(20) -> VehicleStats(distance = 152 m, duration = 78 s, avgSpeed = 7.011493900526508 km/h)
Fastest: (LineName(20),VehicleStats(distance = 152 m, duration = 78 s, avgSpeed = 7.011493900526508 km/h))
Slowest: (LineName(22),VehicleStats(distance = 0 m, duration = 48 s, avgSpeed = 0.0 km/h))
Average: 3.6146047577400733
Program finished
