Your Scala CLI 1.1.0 is outdated, please update Scala CLI to 1.1.3
Run 'curl -sSLf https://scala-cli.virtuslab.org/get | sh' to update Scala CLI.
Initializing client
Fetching vehicles 0%
Fetching vehicles 1%
Fetching vehicles 3%
Fetching vehicles 4%
Fetching vehicles 6%
Fetching vehicles 7%
Fetching vehicles 8%
Fetching vehicles 10%
Fetching vehicles 11%
Fetching vehicles 13%
Fetching vehicles 14%
Fetching vehicles 15%
Fetching vehicles 17%
Fetching vehicles 18%
Fetching vehicles 19%
Fetching vehicles 21%
Fetching vehicles 22%
Fetching vehicles 24%
Fetching vehicles 25%
Fetching vehicles 26%
Fetching vehicles 28%
Fetching vehicles 29%
Fetching vehicles 31%
Fetching vehicles 32%
Fetching vehicles 33%
Fetching vehicles 35%
Fetching vehicles 36%
Fetching vehicles 38%
Fetching vehicles 39%
Fetching vehicles 40%
Fetching vehicles 42%
Fetching vehicles 43%
Fetching vehicles 44%
Fetching vehicles 46%
Fetching vehicles 47%
Fetching vehicles 49%
Fetching vehicles 50%
Fetching vehicles 51%
Fetching vehicles 53%
Fetching vehicles 54%
Fetching vehicles 56%
Fetching vehicles 57%
Fetching vehicles 58%
Fetching vehicles 60%
Fetching vehicles 61%
Fetching vehicles 63%
Fetching vehicles 64%
Fetching vehicles 65%
Fetching vehicles 67%
Fetching vehicles 68%
Fetching vehicles 69%
Fetching vehicles 71%
Fetching vehicles 72%
Fetching vehicles 74%
Fetching vehicles 75%
Fetching vehicles 76%
Fetching vehicles 78%
Fetching vehicles 79%
Fetching vehicles 81%
Fetching vehicles 82%
Fetching vehicles 83%
Fetching vehicles 85%
Fetching vehicles 86%
Fetching vehicles 88%
Fetching vehicles 89%
Fetching vehicles 90%
Fetching vehicles 92%
Fetching vehicles 93%
Fetching vehicles 94%
Fetching vehicles 96%
Fetching vehicles 97%
Fetching vehicles 99%
Fetching vehicles 100%
Wrote image
Fetching vehicles 0%
Fetching vehicles 1%
Fetching vehicles 3%
Fetching vehicles 4%
Fetching vehicles 6%
Fetching vehicles 7%
Fetching vehicles 8%
Fetching vehicles 10%
Fetching vehicles 11%
Fetching vehicles 13%
Fetching vehicles 14%
Fetching vehicles 15%
Fetching vehicles 17%
Fetching vehicles 18%
Fetching vehicles 19%
Fetching vehicles 21%
Fetching vehicles 22%
Fetching vehicles 24%
Fetching vehicles 25%
Fetching vehicles 26%
Fetching vehicles 28%
Fetching vehicles 29%
Fetching vehicles 31%
Fetching vehicles 32%
Fetching vehicles 33%
Fetching vehicles 35%
Fetching vehicles 36%
Fetching vehicles 38%
Fetching vehicles 39%
Fetching vehicles 40%
Fetching vehicles 42%
Fetching vehicles 43%
Fetching vehicles 44%
Fetching vehicles 46%
Fetching vehicles 47%
Fetching vehicles 49%
Fetching vehicles 50%
Fetching vehicles 51%
Fetching vehicles 53%
Fetching vehicles 54%
Fetching vehicles 56%
Fetching vehicles 57%
Fetching vehicles 58%
Fetching vehicles 60%
Fetching vehicles 61%
Fetching vehicles 63%
Fetching vehicles 64%
Fetching vehicles 65%
Fetching vehicles 67%
Fetching vehicles 68%
Fetching vehicles 69%
Fetching vehicles 71%
Fetching vehicles 72%
Fetching vehicles 74%
Fetching vehicles 75%
Fetching vehicles 76%
Fetching vehicles 78%
Fetching vehicles 79%
Fetching vehicles 81%
Fetching vehicles 82%
Fetching vehicles 83%
Fetching vehicles 85%
Fetching vehicles 86%
Fetching vehicles 88%
Fetching vehicles 89%
Fetching vehicles 90%
Fetching vehicles 92%
Fetching vehicles 93%
Fetching vehicles 94%
Fetching vehicles 96%
Fetching vehicles 97%
Fetching vehicles 99%
Fetching vehicles 100%
------------------------------------------------------------------------------------------
(LineName(149),Id(23653619)) -> VehicleStats(distance = 2435 m, duration = 648 s, avgSpeed = 13.525455645724263 km/h)
(LineName(18),Id(23642760)) -> VehicleStats(distance = 1791 m, duration = 648 s, avgSpeed = 9.94839564146834 km/h)
(LineName(20),Id(23644213)) -> VehicleStats(distance = 0 m, duration = 135 s, avgSpeed = 0.0 km/h)
(LineName(124),Id(23726706)) -> VehicleStats(distance = 2511 m, duration = 648 s, avgSpeed = 13.948265201434896 km/h)
(LineName(18),Id(23642806)) -> VehicleStats(distance = 2386 m, duration = 648 s, avgSpeed = 13.257448619310628 km/h)
(LineName(124),Id(23726760)) -> VehicleStats(distance = 1580 m, duration = 378 s, avgSpeed = 15.048182130526637 km/h)
(LineName(18),Id(23642798)) -> VehicleStats(distance = 926 m, duration = 297 s, avgSpeed = 11.229975914560677 km/h)
(LineName(22),Id(23642203)) -> VehicleStats(distance = 2383 m, duration = 648 s, avgSpeed = 13.24155848481016 km/h)
(LineName(21),Id(23642632)) -> VehicleStats(distance = 3251 m, duration = 648 s, avgSpeed = 18.06198592575455 km/h)
(LineName(22),Id(23642182)) -> VehicleStats(distance = 654 m, duration = 252 s, avgSpeed = 9.337876473279282 km/h)
(LineName(20),Id(23641186)) -> VehicleStats(distance = 2939 m, duration = 648 s, avgSpeed = 16.32910230677012 km/h)
(LineName(16),Id(23643144)) -> VehicleStats(distance = 2627 m, duration = 594 s, avgSpeed = 15.923178846155404 km/h)
(LineName(145),Id(23653070)) -> VehicleStats(distance = 0 m, duration = 18 s, avgSpeed = 0.0 km/h)
(LineName(18),Id(23642741)) -> VehicleStats(distance = 3654 m, duration = 648 s, avgSpeed = 20.300598714925442 km/h)
(LineName(16),Id(23643127)) -> VehicleStats(distance = 2890 m, duration = 648 s, avgSpeed = 16.052812900426208 km/h)
(LineName(20),Id(23643612)) -> VehicleStats(distance = 3563 m, duration = 648 s, avgSpeed = 19.79502835835597 km/h)
(LineName(124),Id(23725698)) -> VehicleStats(distance = 2393 m, duration = 648 s, avgSpeed = 13.29280347441386 km/h)
(LineName(149),Id(23653602)) -> VehicleStats(distance = 2388 m, duration = 648 s, avgSpeed = 13.268333159408238 km/h)
(LineName(18),Id(23642814)) -> VehicleStats(distance = 2035 m, duration = 648 s, avgSpeed = 11.30579184444473 km/h)
(LineName(21),Id(23642722)) -> VehicleStats(distance = 2335 m, duration = 648 s, avgSpeed = 12.96980447786837 km/h)
(LineName(20),Id(23641120)) -> VehicleStats(distance = 4126 m, duration = 648 s, avgSpeed = 22.92338880681481 km/h)
(LineName(145),Id(23653056)) -> VehicleStats(distance = 2790 m, duration = 648 s, avgSpeed = 15.502121800258324 km/h)
(LineName(8),Id(23644439)) -> VehicleStats(distance = 2562 m, duration = 648 s, avgSpeed = 14.234957233081918 km/h)
(LineName(124),Id(23726721)) -> VehicleStats(distance = 1917 m, duration = 648 s, avgSpeed = 10.650226473048265 km/h)
(LineName(18),Id(23642612)) -> VehicleStats(distance = 1763 m, duration = 648 s, avgSpeed = 9.796419326196819 km/h)
(LineName(20),Id(23641169)) -> VehicleStats(distance = 733 m, duration = 342 s, avgSpeed = 7.712366873060037 km/h)
(LineName(16),Id(23642305)) -> VehicleStats(distance = 1576 m, duration = 495 s, avgSpeed = 11.462058459284526 km/h)
(LineName(20),Id(23643578)) -> VehicleStats(distance = 3458 m, duration = 648 s, avgSpeed = 19.211687655625692 km/h)
(LineName(21),Id(23642779)) -> VehicleStats(distance = 1329 m, duration = 342 s, avgSpeed = 13.991524634869757 km/h)
(LineName(8),Id(23644458)) -> VehicleStats(distance = 1340 m, duration = 441 s, avgSpeed = 10.9410111117912 km/h)
(LineName(18),Id(23642559)) -> VehicleStats(distance = 1856 m, duration = 333 s, avgSpeed = 20.062533178848415 km/h)
(LineName(20),Id(23643044)) -> VehicleStats(distance = 4832 m, duration = 648 s, avgSpeed = 26.841962063537853 km/h)
(LineName(20),Id(23643595)) -> VehicleStats(distance = 2680 m, duration = 648 s, avgSpeed = 14.891507406330021 km/h)
(LineName(8),Id(23644457)) -> VehicleStats(distance = 732 m, duration = 189 s, avgSpeed = 13.933346416559878 km/h)
(LineName(22),Id(23642224)) -> VehicleStats(distance = 3133 m, duration = 648 s, avgSpeed = 17.40729946647684 km/h)
(LineName(8),Id(23644416)) -> VehicleStats(distance = 2360 m, duration = 648 s, avgSpeed = 13.109204477453488 km/h)
(LineName(21),Id(23642687)) -> VehicleStats(distance = 2118 m, duration = 648 s, avgSpeed = 11.765242319260732 km/h)
(LineName(16),Id(23643062)) -> VehicleStats(distance = 2427 m, duration = 648 s, avgSpeed = 13.48367473454946 km/h)
(LineName(21),Id(23642522)) -> VehicleStats(distance = 4505 m, duration = 648 s, avgSpeed = 25.02643499290939 km/h)
(LineName(20),Id(23641170)) -> VehicleStats(distance = 0 m, duration = 297 s, avgSpeed = 0.0 km/h)
(LineName(20),Id(23641044)) -> VehicleStats(distance = 2492 m, duration = 648 s, avgSpeed = 13.842104324625787 km/h)
(LineName(8),Id(23642247)) -> VehicleStats(distance = 2756 m, duration = 648 s, avgSpeed = 15.311877058508157 km/h)
(LineName(21),Id(23642539)) -> VehicleStats(distance = 2612 m, duration = 558 s, avgSpeed = 16.85289227952588 km/h)
(LineName(18),Id(23642505)) -> VehicleStats(distance = 2865 m, duration = 648 s, avgSpeed = 15.919073399537796 km/h)
(LineName(8),Id(23644423)) -> VehicleStats(distance = 88 m, duration = 180 s, avgSpeed = 1.7583908341563084 km/h)
(LineName(145),Id(23653176)) -> VehicleStats(distance = 2642 m, duration = 648 s, avgSpeed = 14.675665352585506 km/h)
(LineName(145),Id(23653143)) -> VehicleStats(distance = 13 m, duration = 63 s, avgSpeed = 0.7424841992883457 km/h)
(LineName(22),Id(23643084)) -> VehicleStats(distance = 3418 m, duration = 603 s, avgSpeed = 20.406343810980648 km/h)
(LineName(145),Id(23653126)) -> VehicleStats(distance = 2867 m, duration = 648 s, avgSpeed = 15.928936333077711 km/h)
(LineName(16),Id(23642269)) -> VehicleStats(distance = 2337 m, duration = 648 s, avgSpeed = 12.980912526650517 km/h)
(LineName(18),Id(23642649)) -> VehicleStats(distance = 1582 m, duration = 648 s, avgSpeed = 8.787818440073975 km/h)
(LineName(22),Id(23643189)) -> VehicleStats(distance = 1744 m, duration = 486 s, avgSpeed = 12.919902830635166 km/h)
(LineName(22),Id(23642161)) -> VehicleStats(distance = 3152 m, duration = 648 s, avgSpeed = 17.512924651797146 km/h)
(LineName(20),Id(23641199)) -> VehicleStats(distance = 2377 m, duration = 648 s, avgSpeed = 13.206996800695794 km/h)
(LineName(145),Id(23653083)) -> VehicleStats(distance = 3041 m, duration = 648 s, avgSpeed = 16.89639498669648 km/h)
(LineName(18),Id(23642593)) -> VehicleStats(distance = 2262 m, duration = 648 s, avgSpeed = 12.566540656412695 km/h)
(LineName(18),Id(23642703)) -> VehicleStats(distance = 1124 m, duration = 351 s, avgSpeed = 11.530860577459757 km/h)
(LineName(8),Id(23644499)) -> VehicleStats(distance = 1677 m, duration = 648 s, avgSpeed = 9.317381500794829 km/h)
(LineName(8),Id(23644422)) -> VehicleStats(distance = 0 m, duration = 216 s, avgSpeed = 0.0 km/h)
(LineName(20),Id(23640984)) -> VehicleStats(distance = 4401 m, duration = 648 s, avgSpeed = 24.450505471472844 km/h)
(LineName(18),Id(23642489)) -> VehicleStats(distance = 1596 m, duration = 504 s, avgSpeed = 11.397018844393562 km/h)
(LineName(8),Id(23644480)) -> VehicleStats(distance = 2088 m, duration = 648 s, avgSpeed = 11.597354991328794 km/h)
(LineName(22),Id(23643167)) -> VehicleStats(distance = 763 m, duration = 306 s, avgSpeed = 8.976731263967485 km/h)
(LineName(22),Id(23643145)) -> VehicleStats(distance = 0 m, duration = 9 s, avgSpeed = 0.0 km/h)
(LineName(22),Id(23643211)) -> VehicleStats(distance = 2376 m, duration = 648 s, avgSpeed = 13.198156835757196 km/h)
(LineName(16),Id(23644543)) -> VehicleStats(distance = 2317 m, duration = 648 s, avgSpeed = 12.874302853099564 km/h)
(LineName(20),Id(23641153)) -> VehicleStats(distance = 2414 m, duration = 387 s, avgSpeed = 22.453198081641084 km/h)
(LineName(21),Id(23642668)) -> VehicleStats(distance = 2477 m, duration = 648 s, avgSpeed = 13.761354129768153 km/h)
(LineName(16),Id(23642306)) -> VehicleStats(distance = 36 m, duration = 144 s, avgSpeed = 0.8897094474808096 km/h)
(LineName(145),Id(23653115)) -> VehicleStats(distance = 2114 m, duration = 648 s, avgSpeed = 11.744124561637088 km/h)
(LineName(20),Id(23641136)) -> VehicleStats(distance = 1784 m, duration = 648 s, avgSpeed = 9.912149903575996 km/h)
(LineName(22),Id(23643219)) -> VehicleStats(distance = 3482 m, duration = 648 s, avgSpeed = 19.34542282435824 km/h)
(LineName(16),Id(23642286)) -> VehicleStats(distance = 2539 m, duration = 648 s, avgSpeed = 14.105207216668218 km/h)
(LineName(145),Id(23653103)) -> VehicleStats(distance = 587 m, duration = 189 s, avgSpeed = 11.189274806580011 km/h)
(LineName(21),Id(23642574)) -> VehicleStats(distance = 1472 m, duration = 612 s, avgSpeed = 8.6607732812957 km/h)
(LineName(124),Id(23725728)) -> VehicleStats(distance = 3442 m, duration = 648 s, avgSpeed = 19.119838352699404 km/h)
(LineName(149),Id(23653582)) -> VehicleStats(distance = 769 m, duration = 117 s, avgSpeed = 23.649852712363664 km/h)
(LineName(145),Id(23653142)) -> VehicleStats(distance = 0 m, duration = 9 s, avgSpeed = 0.0 km/h)
(LineName(8),Id(23644519)) -> VehicleStats(distance = 2626 m, duration = 549 s, avgSpeed = 17.216902051634797 km/h)
==========================================================================================
LineName(22) -> VehicleStats(distance = 21106 m, duration = 4896 s, avgSpeed = 15.519034170168727 km/h)
LineName(16) -> VehicleStats(distance = 16748 m, duration = 4473 s, avgSpeed = 13.479592259843118 km/h)
LineName(21) -> VehicleStats(distance = 20099 m, duration = 4752 s, avgSpeed = 15.226509837449486 km/h)
LineName(145) -> VehicleStats(distance = 14055 m, duration = 3519 s, avgSpeed = 14.378446497553195 km/h)
LineName(18) -> VehicleStats(distance = 23841 m, duration = 6669 s, avgSpeed = 12.869568899652034 km/h)
LineName(124) -> VehicleStats(distance = 11842 m, duration = 2970 s, avgSpeed = 14.354015710507452 km/h)
LineName(8) -> VehicleStats(distance = 16228 m, duration = 4815 s, avgSpeed = 12.133093423938073 km/h)
LineName(149) -> VehicleStats(distance = 5592 m, duration = 1413 s, avgSpeed = 14.245865472804253 km/h)
LineName(20) -> VehicleStats(distance = 35799 m, duration = 7641 s, avgSpeed = 16.866524306865234 km/h)
Fastest: (LineName(20),VehicleStats(distance = 35799 m, duration = 7641 s, avgSpeed = 16.866524306865234 km/h))
Slowest: (LineName(8),VehicleStats(distance = 16228 m, duration = 4815 s, avgSpeed = 12.133093423938073 km/h))
Average: 15.267561428768358
Program finished
