Initializing client
Fetching vehicles 0%
Fetching vehicles 1%
Fetching vehicles 3%
Fetching vehicles 4%
Fetching vehicles 6%
Fetching vehicles 7%
Fetching vehicles 8%
Fetching vehicles 10%
Fetching vehicles 11%
Fetching vehicles 13%
Fetching vehicles 14%
Fetching vehicles 15%
Fetching vehicles 17%
Fetching vehicles 18%
Fetching vehicles 19%
Fetching vehicles 21%
Fetching vehicles 22%
Fetching vehicles 24%
Fetching vehicles 25%
Fetching vehicles 26%
Fetching vehicles 28%
Fetching vehicles 29%
Fetching vehicles 31%
Fetching vehicles 32%
Fetching vehicles 33%
Fetching vehicles 35%
Fetching vehicles 36%
Fetching vehicles 38%
Fetching vehicles 39%
Fetching vehicles 40%
Fetching vehicles 42%
Fetching vehicles 43%
Fetching vehicles 44%
Fetching vehicles 46%
Fetching vehicles 47%
Fetching vehicles 49%
Fetching vehicles 50%
Fetching vehicles 51%
Fetching vehicles 53%
Fetching vehicles 54%
Fetching vehicles 56%
Fetching vehicles 57%
Fetching vehicles 58%
Fetching vehicles 60%
Fetching vehicles 61%
Fetching vehicles 63%
Fetching vehicles 64%
Fetching vehicles 65%
Fetching vehicles 67%
Fetching vehicles 68%
Fetching vehicles 69%
Fetching vehicles 71%
Fetching vehicles 72%
Fetching vehicles 74%
Fetching vehicles 75%
Fetching vehicles 76%
Fetching vehicles 78%
Fetching vehicles 79%
Fetching vehicles 81%
Fetching vehicles 82%
Fetching vehicles 83%
Fetching vehicles 85%
Fetching vehicles 86%
Fetching vehicles 88%
Fetching vehicles 89%
Fetching vehicles 90%
Fetching vehicles 92%
Fetching vehicles 93%
Fetching vehicles 94%
Fetching vehicles 96%
Fetching vehicles 97%
Fetching vehicles 99%
Fetching vehicles 100%
Wrote image
Fetching vehicles 0%
Fetching vehicles 1%
Fetching vehicles 3%
Fetching vehicles 4%
Fetching vehicles 6%
Fetching vehicles 7%
Fetching vehicles 8%
Fetching vehicles 10%
Fetching vehicles 11%
Fetching vehicles 13%
Fetching vehicles 14%
Fetching vehicles 15%
Fetching vehicles 17%
Fetching vehicles 18%
Fetching vehicles 19%
Fetching vehicles 21%
Fetching vehicles 22%
Fetching vehicles 24%
Fetching vehicles 25%
Fetching vehicles 26%
Fetching vehicles 28%
Fetching vehicles 29%
Fetching vehicles 31%
Fetching vehicles 32%
Fetching vehicles 33%
Fetching vehicles 35%
Fetching vehicles 36%
Fetching vehicles 38%
Fetching vehicles 39%
Fetching vehicles 40%
Fetching vehicles 42%
Fetching vehicles 43%
Fetching vehicles 44%
Fetching vehicles 46%
Fetching vehicles 47%
Fetching vehicles 49%
Fetching vehicles 50%
Fetching vehicles 51%
Fetching vehicles 53%
Fetching vehicles 54%
Fetching vehicles 56%
Fetching vehicles 57%
Fetching vehicles 58%
Fetching vehicles 60%
Fetching vehicles 61%
Fetching vehicles 63%
Fetching vehicles 64%
Fetching vehicles 65%
Fetching vehicles 67%
Fetching vehicles 68%
Fetching vehicles 69%
Fetching vehicles 71%
Fetching vehicles 72%
Fetching vehicles 74%
Fetching vehicles 75%
Fetching vehicles 76%
Fetching vehicles 78%
Fetching vehicles 79%
Fetching vehicles 81%
Fetching vehicles 82%
Fetching vehicles 83%
Fetching vehicles 85%
Fetching vehicles 86%
Fetching vehicles 88%
Fetching vehicles 89%
Fetching vehicles 90%
Fetching vehicles 92%
Fetching vehicles 93%
Fetching vehicles 94%
Fetching vehicles 96%
Fetching vehicles 97%
Fetching vehicles 99%
Fetching vehicles 100%
------------------------------------------------------------------------------------------
(LineName(8),Id(23822724)) -> VehicleStats(distance = 1632 m, duration = 639 s, avgSpeed = 9.19706727980931 km/h)
(LineName(124),Id(23797083)) -> VehicleStats(distance = 2513 m, duration = 648 s, avgSpeed = 13.963724023887808 km/h)
(LineName(22),Id(23825116)) -> VehicleStats(distance = 1278 m, duration = 450 s, avgSpeed = 10.227515904772128 km/h)
(LineName(21),Id(23823082)) -> VehicleStats(distance = 2585 m, duration = 648 s, avgSpeed = 14.363558127592968 km/h)
(LineName(18),Id(23823057)) -> VehicleStats(distance = 2355 m, duration = 648 s, avgSpeed = 13.082061513334406 km/h)
(LineName(145),Id(23797798)) -> VehicleStats(distance = 3420 m, duration = 648 s, avgSpeed = 19.001712098341347 km/h)
(LineName(21),Id(23823377)) -> VehicleStats(distance = 2898 m, duration = 648 s, avgSpeed = 16.10169340841271 km/h)
(LineName(18),Id(23823305)) -> VehicleStats(distance = 2701 m, duration = 648 s, avgSpeed = 15.003492335714734 km/h)
(LineName(124),Id(23796088)) -> VehicleStats(distance = 2974 m, duration = 648 s, avgSpeed = 16.520528947253034 km/h)
(LineName(145),Id(23797775)) -> VehicleStats(distance = 3703 m, duration = 648 s, avgSpeed = 20.57353803726416 km/h)
(LineName(145),Id(23797849)) -> VehicleStats(distance = 2775 m, duration = 531 s, avgSpeed = 18.812884027469913 km/h)
(LineName(8),Id(23825072)) -> VehicleStats(distance = 2747 m, duration = 648 s, avgSpeed = 15.262822362699694 km/h)
(LineName(22),Id(23825051)) -> VehicleStats(distance = 1 m, duration = 18 s, avgSpeed = 0.13954393928801884 km/h)
(LineName(8),Id(23822764)) -> VehicleStats(distance = 605 m, duration = 180 s, avgSpeed = 12.090648024368347 km/h)
(LineName(21),Id(23823153)) -> VehicleStats(distance = 1954 m, duration = 648 s, avgSpeed = 10.853080076234782 km/h)
(LineName(20),Id(23824478)) -> VehicleStats(distance = 563 m, duration = 648 s, avgSpeed = 3.1261644376425015 km/h)
(LineName(16),Id(23822819)) -> VehicleStats(distance = 963 m, duration = 225 s, avgSpeed = 15.401452981670657 km/h)
(LineName(20),Id(23823611)) -> VehicleStats(distance = 1494 m, duration = 513 s, avgSpeed = 10.484734338043832 km/h)
(LineName(145),Id(23797728)) -> VehicleStats(distance = 3325 m, duration = 558 s, avgSpeed = 21.450109030872145 km/h)
(LineName(21),Id(23823119)) -> VehicleStats(distance = 2700 m, duration = 648 s, avgSpeed = 15.00110542562946 km/h)
(LineName(21),Id(23823230)) -> VehicleStats(distance = 2941 m, duration = 648 s, avgSpeed = 16.340766876778705 km/h)
(LineName(16),Id(23822703)) -> VehicleStats(distance = 1105 m, duration = 513 s, avgSpeed = 7.7549670029011155 km/h)
(LineName(20),Id(23825551)) -> VehicleStats(distance = 3120 m, duration = 648 s, avgSpeed = 17.33125729571941 km/h)
(LineName(18),Id(23823250)) -> VehicleStats(distance = 4329 m, duration = 648 s, avgSpeed = 24.04923714035938 km/h)
(LineName(124),Id(23797137)) -> VehicleStats(distance = 3143 m, duration = 648 s, avgSpeed = 17.46148511666475 km/h)
(LineName(20),Id(23821708)) -> VehicleStats(distance = 1153 m, duration = 405 s, avgSpeed = 10.248239576665377 km/h)
(LineName(16),Id(23822820)) -> VehicleStats(distance = 799 m, duration = 396 s, avgSpeed = 7.260294670432892 km/h)
(LineName(22),Id(23823721)) -> VehicleStats(distance = 67 m, duration = 477 s, avgSpeed = 0.5030683957525461 km/h)
(LineName(16),Id(23822781)) -> VehicleStats(distance = 2226 m, duration = 648 s, avgSpeed = 12.365104083662157 km/h)
(LineName(8),Id(23825094)) -> VehicleStats(distance = 3099 m, duration = 648 s, avgSpeed = 17.21811035585683 km/h)
(LineName(20),Id(23821725)) -> VehicleStats(distance = 4346 m, duration = 648 s, avgSpeed = 24.14325213999549 km/h)
(LineName(18),Id(23823286)) -> VehicleStats(distance = 2147 m, duration = 648 s, avgSpeed = 11.927864730282923 km/h)
(LineName(145),Id(23797815)) -> VehicleStats(distance = 2318 m, duration = 648 s, avgSpeed = 12.878427414627309 km/h)
(LineName(8),Id(23823664)) -> VehicleStats(distance = 1422 m, duration = 648 s, avgSpeed = 7.901351553384756 km/h)
(LineName(18),Id(23823065)) -> VehicleStats(distance = 863 m, duration = 540 s, avgSpeed = 5.755425512379077 km/h)
(LineName(22),Id(23823764)) -> VehicleStats(distance = 2036 m, duration = 540 s, avgSpeed = 13.570986083006918 km/h)
(LineName(149),Id(23653584)) -> VehicleStats(distance = 679 m, duration = 162 s, avgSpeed = 15.097407570547874 km/h)
(LineName(20),Id(23824034)) -> VehicleStats(distance = 0 m, duration = 45 s, avgSpeed = 0.0 km/h)
(LineName(22),Id(23822765)) -> VehicleStats(distance = 63 m, duration = 387 s, avgSpeed = 0.5867175381194294 km/h)
(LineName(149),Id(23653603)) -> VehicleStats(distance = 4376 m, duration = 648 s, avgSpeed = 24.312905469706823 km/h)
(LineName(18),Id(23823268)) -> VehicleStats(distance = 3382 m, duration = 648 s, avgSpeed = 18.78889918403903 km/h)
(LineName(16),Id(23822841)) -> VehicleStats(distance = 2399 m, duration = 648 s, avgSpeed = 13.325169482963187 km/h)
(LineName(16),Id(23825028)) -> VehicleStats(distance = 563 m, duration = 189 s, avgSpeed = 10.733347908562653 km/h)
(LineName(21),Id(23823339)) -> VehicleStats(distance = 3173 m, duration = 648 s, avgSpeed = 17.626273548928832 km/h)
(LineName(20),Id(23824003)) -> VehicleStats(distance = 21 m, duration = 234 s, avgSpeed = 0.32026221445847175 km/h)
(LineName(16),Id(23822798)) -> VehicleStats(distance = 2340 m, duration = 648 s, avgSpeed = 13.00032622435045 km/h)
(LineName(20),Id(23824401)) -> VehicleStats(distance = 2772 m, duration = 648 s, avgSpeed = 15.400614131647412 km/h)
(LineName(20),Id(23821585)) -> VehicleStats(distance = 2531 m, duration = 648 s, avgSpeed = 14.060240545928032 km/h)
(LineName(18),Id(23823179)) -> VehicleStats(distance = 3001 m, duration = 603 s, avgSpeed = 17.919358544558733 km/h)
(LineName(18),Id(23823136)) -> VehicleStats(distance = 1895 m, duration = 648 s, avgSpeed = 10.528175016084516 km/h)
(LineName(20),Id(23821663)) -> VehicleStats(distance = 3541 m, duration = 648 s, avgSpeed = 19.673245711169745 km/h)
(LineName(18),Id(23823321)) -> VehicleStats(distance = 140 m, duration = 576 s, avgSpeed = 0.8741193109567709 km/h)
(LineName(21),Id(23823214)) -> VehicleStats(distance = 0 m, duration = 333 s, avgSpeed = 0.0 km/h)
(LineName(22),Id(23823742)) -> VehicleStats(distance = 3174 m, duration = 648 s, avgSpeed = 17.63074267354214 km/h)
(LineName(22),Id(23823681)) -> VehicleStats(distance = 2546 m, duration = 648 s, avgSpeed = 14.145202893218585 km/h)
(LineName(20),Id(23825740)) -> VehicleStats(distance = 3170 m, duration = 648 s, avgSpeed = 17.60838922485327 km/h)
(LineName(20),Id(23824202)) -> VehicleStats(distance = 4321 m, duration = 648 s, avgSpeed = 24.005610297172026 km/h)
(LineName(145),Id(23797742)) -> VehicleStats(distance = 6 m, duration = 36 s, avgSpeed = 0.6172353331835588 km/h)
(LineName(20),Id(23824018)) -> VehicleStats(distance = 2088 m, duration = 531 s, avgSpeed = 14.157341900631888 km/h)
(LineName(124),Id(23797121)) -> VehicleStats(distance = 1531 m, duration = 594 s, avgSpeed = 9.281342905398644 km/h)
(LineName(20),Id(23821527)) -> VehicleStats(distance = 2198 m, duration = 648 s, avgSpeed = 12.212620323523504 km/h)
(LineName(149),Id(23653583)) -> VehicleStats(distance = 2335 m, duration = 477 s, avgSpeed = 17.619350139013946 km/h)
(LineName(21),Id(23823358)) -> VehicleStats(distance = 3070 m, duration = 648 s, avgSpeed = 17.05686404559276 km/h)
(LineName(20),Id(23824002)) -> VehicleStats(distance = 1364 m, duration = 378 s, avgSpeed = 12.987569324647321 km/h)
(LineName(145),Id(23797787)) -> VehicleStats(distance = 3274 m, duration = 648 s, avgSpeed = 18.19045586144708 km/h)
(LineName(22),Id(23823646)) -> VehicleStats(distance = 2469 m, duration = 648 s, avgSpeed = 13.718076423828597 km/h)
(LineName(145),Id(23797755)) -> VehicleStats(distance = 2352 m, duration = 648 s, avgSpeed = 13.06552887544993 km/h)
(LineName(21),Id(23823099)) -> VehicleStats(distance = 2 m, duration = 153 s, avgSpeed = 0.05481358327730165 km/h)
(LineName(16),Id(23822746)) -> VehicleStats(distance = 3005 m, duration = 648 s, avgSpeed = 16.69265372473541 km/h)
(LineName(8),Id(23825018)) -> VehicleStats(distance = 1509 m, duration = 648 s, avgSpeed = 8.382988706099132 km/h)
(LineName(21),Id(23823198)) -> VehicleStats(distance = 0 m, duration = 45 s, avgSpeed = 0.0 km/h)
(LineName(22),Id(23823720)) -> VehicleStats(distance = 558 m, duration = 108 s, avgSpeed = 18.58388952713298 km/h)
(LineName(16),Id(23822877)) -> VehicleStats(distance = 1084 m, duration = 648 s, avgSpeed = 6.024500450666 km/h)
(LineName(22),Id(23823698)) -> VehicleStats(distance = 3222 m, duration = 648 s, avgSpeed = 17.899333887364623 km/h)
(LineName(145),Id(23797743)) -> VehicleStats(distance = 8 m, duration = 99 s, avgSpeed = 0.281391691596334 km/h)
==========================================================================================
LineName(22) -> VehicleStats(distance = 15413 m, duration = 4572 s, avgSpeed = 12.136102802652802 km/h)
LineName(16) -> VehicleStats(distance = 14483 m, duration = 4563 s, avgSpeed = 11.426591028666863 km/h)
LineName(21) -> VehicleStats(distance = 19324 m, duration = 5067 s, avgSpeed = 13.729400368375089 km/h)
LineName(145) -> VehicleStats(distance = 21181 m, duration = 4464 s, avgSpeed = 17.081696663451172 km/h)
LineName(18) -> VehicleStats(distance = 20813 m, duration = 5607 s, avgSpeed = 13.363096270171669 km/h)
LineName(124) -> VehicleStats(distance = 10162 m, duration = 2538 s, avgSpeed = 14.41369827872954 km/h)
LineName(8) -> VehicleStats(distance = 11015 m, duration = 3411 s, avgSpeed = 11.625076975525063 km/h)
LineName(149) -> VehicleStats(distance = 7390 m, duration = 1287 s, avgSpeed = 20.672092778305185 km/h)
LineName(20) -> VehicleStats(distance = 32681 m, duration = 7938 s, avgSpeed = 14.82121256279375 km/h)
Fastest: (LineName(149),VehicleStats(distance = 7390 m, duration = 1287 s, avgSpeed = 20.672092778305185 km/h))
Slowest: (LineName(16),VehicleStats(distance = 14483 m, duration = 4563 s, avgSpeed = 11.426591028666863 km/h))
Average: 15.816421222300212
Program finished
